2023-11-16 14:39:43,064 - stpipe.Detector1Pipeline.gain_scale - INFO - GainScaleStep insta202023-1120232023-11-16 14:41:52,227 - stpipe.Detector1Pipeline.gain_scale - INFO - Step gain_scale running with args (<ImageModel(224, 288) from jw01386031001_03101_00001_mirimage_uncal.fits>,).
2023-11-16 14:41:52,228 - stpipe.Detector1Pipeline.gain_scale - INFO - Step gain_scale parameters are: {'pre_hooks': [], 'post_hooks': [], 'output_file': None, 'output_dir': None, 'output_ext': '.fits', 'output_use_model': False, 'output_use_index': True, 'save_results': False, 'skip': False, 'suffix': 'gain_scale', 'search_output_file': True, 'input_dir': 'uncal'}
2023-11-16 14:41:52,263 - stpipe.Detector1Pipeline.gain_scale - INFO - GAINFACT not found in gain reference file
2023-11-16 14:41:52,263 - stpipe.Detector1Pipeline.gain_scale - INFO - Step will be skipped
2023-11-16 14:41:52,266 - stpipe.Detector1Pipeline.gain_scale - INFO - Step gain_scale done
2023-11-16 14:41:52,320 - stpipe.Detector1Pipeline.gain_scale - INFO - Step gain_scale running with args (<CubeModel(19, 224, 288) from jw01386031001_03101_00001_mirimage_uncal.fits>,).
2023-11-16 14:41:52,321 - stpipe.Detector1Pipeline.gain_scale - INFO - Step gain_scale parameters are: {'pre_hooks': [], 'post_hooks': [], 'output_file': None, 'output_dir': None, 'output_ext': '.fits', 'output_use_model': False, 'output_use_index': True, 'save_results': False, 'skip': False, 'suffix': 'gain_scaleints', 'search_output_file': True, 'input_dir': 'uncal'}
2023-11-16 14:41:52,355 - stpipe.Detector1Pipeline.gain_scale - INFO - GAINFACT not found in gain reference file
2023-11-16 14:41:52,355 - stpipe.Detector1Pipeline.gain_scale - INFO - Step will be skipped
2023-11-16 14:41:52,358 - stpipe.Detector1Pipeline.gain_scale - INFO - Step gain_scale done
 - stpipe.Detector1Pipeline.ramp_fit - INFO - Number of processors used for multiprocessing: 5
2023-11-16 14:41:52,156 - stpipe.Detector1Pipeline.ramp_fit - INFO - Step ramp_fit done
e_0085.fits
2023-11-16 14:39:51,341 - stpipe.Detector1Pipeline.jump - INFO - Extracting gain subarray to match science data
2023-11-16 14:39:51,341 - stpipe.Detector1Pipeline.jump - INFO - Extracting readnoise subarray to match science data
2023-11-16 14:39:51,398 - stpipe.Detector1Pipeline.jump - INFO - Executing two-point difference method
2023-11-16 14:39:51,420 - stpipe.Detector1Pipeline.jump - INFO - Creating 5 processes for jump detection 
2023-11-16 14:40:21,245 - stpipe.Detector1Pipeline.jump - INFO - Total elapsed time = 29.8464 sec
2023-11-16 14:40:21,636 - stpipe.Detector1Pipeline.jump - INFO - The execution time in seconds: 30.421224
2023-11-16 14:40:21,642 - stpipe.Detector1Pipeline.jump - INFO - Step jump done
put_dir': None, 'output_ext': '.fits', 'output_use_model': False, 'output_use_index': True, 'save_results': False, 'skip': False, 'suffix': None, 'search_output_file': True, 'input_dir': ''}, 'saturation': {'pre_hooks': [], 'post_hooks': [], 'output_file': None, 'output_dir': None, 'output_ext': '.fits', 'output_use_model': False, 'output_use_index': True, 'save_results': False, 'skip': False, 'suffix': None, 'search_output_file': True, 'input_dir': '', 'n_pix_grow_sat': 1}, 'ipc': {'pre_hooks': [], 'post_hooks': [], 'output_file': None, 'output_dir': None, 'output_ext': '.fits', 'output_use_model': False, 'output_use_index': True, 'save_results': False, 'skip': True, 'suffix': None, 'search_output_file': True, 'input_dir': ''}, 'superbias': {'pre_hooks': [], 'post_hooks': [], 'output_file': None, 'output_dir': None, 'output_ext': '.fits', 'output_use_model': False, 'output_use_index': True, 'save_results': False, 'skip': False, 'suffix': None, 'search_output_file': True, 'input_dir': ''}, 'refpix': {'pre_hooks': [], 'post_hooks': [], 'output_file': None, 'output_dir': None, 'output_ext': '.fits', 'output_use_model': False, 'output_use_index': True, 'save_results': False, 'skip': False, 'suffix': None, 'search_output_file': True, 'input_dir': '', 'odd_even_columns': True, 'use_side_ref_pixels': True, 'side_smoothing_length': 11, 'side_gain': 1.0, 'odd_even_rows': True, 'ovr_corr_mitigation_ftr': 1.8}, 'rscd': {'pre_hooks': [], 'post_hooks': [], 'output_file': None, 'output_dir': None, 'output_ext': '.fits', 'output_use_model': False, 'output_use_index': True, 'save_results': False, 'skip': False, 'suffix': None, 'search_output_file': True, 'input_dir': '', 'type': 'baseline'}, 'firstframe': {'pre_hooks': [], 'post_hooks': [], 'output_file': None, 'output_dir': None, 'output_ext': '.fits', 'output_use_model': False, 'output_use_index': True, 'save_results': False, 'skip': False, 'suffix': None, 'search_output_file': True, 'input_dir': ''}, 'lastframe': {'pre_hooks': [], 'post_hooks': [], 'output_file': None, 'output_dir': None, 'output_ext': '.fits', 'output_use_model': False, 'output_use_index': True, 'save_results': False, 'skip': False, 'suffix': None, 'search_output_file': True, 'input_dir': ''}, 'linearity': {'pre_hooks': [], 'post_hooks': [], 'output_file': None, 'output_dir': None, 'output_ext': '.fits', 'output_use_model': False, 'output_use_index': True, 'save_results': False, 'skip': False, 'suffix': None, 'search_output_file': True, 'input_dir': ''}, 'dark_current': {'pre_hooks': [], 'post_hooks': [], 'output_file': None, 'output_dir': None, 'output_ext': '.fits', 'output_use_model': False, 'output_use_index': True, 'save_results': False, 'skip': False, 'suffix': None, 'search_output_file': True, 'input_dir': '', 'dark_output': None}, 'reset': {'pre_hooks': [], 'post_hooks': [], 'output_file': None, 'output_dir': None, 'output_ext': '.fits', 'output_use_model': False, 'output_use_index': True, 'save_results': False, 'skip': False, 'suffix': None, 'search_output_file': True, 'input_dir': ''}, 'persistence': {'pre_hooks': [], 'post_hooks': [], 'output_file': None, 'output_dir': None, 'output_ext': '.fits', 'output_use_model': False, 'output_use_index': True, 'save_results': False, 'skip': False, 'suffix': None, 'search_output_file': True, 'input_dir': '', 'input_trapsfilled': '', 'flag_pers_cutoff': 40.0, 'save_persistence': False, 'save_trapsfilled': True}, 'jump': {'pre_hooks': [], 'post_hooks': [], 'output_file': None, 'output_dir': None, 'output_ext': '.fits', 'output_use_model': False, 'output_use_index': True, 'save_results': False, 'skip': False, 'suffix': None, 'search_output_file': True, 'input_dir': '', 'rejection_threshold': 4.0, 'three_group_rejection_threshold': 6.0, 'four_group_rejection_threshold': 5.0, 'maximum_cores': 'half', 'flag_4_neighbors': True, 'max_jump_to_flag_neighbors': 1000.0, 'min_jump_to_flag_neighbors': 10.0, 'after_jump_flag_dn1': 100, 'after_jump_flag_time1': 15, 'after_jump_flag_dn2': 2000, 'after_jump_flag_time2': 3000, 'min_sat_area': 0, 'min_jump_area': 15, 'expand_factor': 2.5, 'use_ellipses': True, 'sat_required_snowball': False, 'min_sat_radius_extend': 2.5, 'sat_expand': 2, 'expand_large_events': False, 'find_showers': False, 'edge_size': 25, 'extend_snr_threshold': 1.2, 'extend_min_area': 90, 'extend_inner_radius': 1.0, 'extend_outer_radius': 2.6, 'extend_ellipse_expand_ratio': 1.1, 'time_masked_after_shower': 15.0, 'max_extended_radius': 200, 'minimum_groups': 3, 'minimum_sigclip_groups': 100, 'only_use_ints': True}, 'undersampling_correction': {'pre_hooks': [], 'post_hooks': [], 'output_file': None, 'output_dir': None, 'output_ext': '.fits', 'output_use_model': False, 'output_use_index': True, 'save_results': False, 'skip': True, 'suffix': None, 'search_output_file': True, 'input_dir': '', 'signal_threshold': 30000.0}, 'ramp_fit': {'pre_hooks': [], 'post_hooks': [], 'output_file': None, 'output_dir': None, 'output_ext': '.fits', 'output_use_model': False, 'output_use_index': True, 'save_results': False, 'skip': False, 'suffix': None, 'search_output_file': True, 'input_dir': '', 'int_name': '', 'save_opt': False, 'opt_name': '', 'suppress_one_group': True, 'maximum_cores': 'half'}, 'gain_scale': {'pre_hooks': [], 'post_hooks': [], 'output_file': None, 'output_dir': None, 'output_ext': '.fits', 'output_use_model': False, 'output_use_index': True, 'save_results': False, 'skip': False, 'suffix': None, 'search_output_file': True, 'input_dir': ''}}}
2023-11-16 14:39:43,365 - stpipe.Detector1Pipeline - INFO - Prefetching reference files for dataset: 'jw01386031001_03101_00001_mirimage_uncal.fits' reftypes = ['dark', 'gain', 'linearity', 'mask', 'persat', 'readnoise', 'refpix', 'reset', 'rscd', 'saturation', 'superbias', 'trapdensity', 'trappars']
2023-11-16 14:39:43,368 - stpipe.Detector1Pipeline - INFO - Prefetch for DARK reference file is '/Volumes/agdisk/crds/references/jwst/miri/jwst_miri_dark_0098.fits'.
2023-11-16 14:39:43,368 - stpipe.Detector1Pipeline - INFO - Prefetch for GAIN reference file is '/Volumes/agdisk/crds/references/jwst/miri/jwst_miri_gain_0018.fits'.
2023-11-16 14:39:43,368 - stpipe.Detector1Pipeline - INFO - Prefetch for LINEARITY reference file is '/Volumes/agdisk/crds/references/jwst/miri/jwst_miri_linearity_0032.fits'.
2023-11-16 14:39:43,368 - stpipe.Detector1Pipeline - INFO - Prefetch for MASK reference file is '/Volumes/agdisk/crds/references/jwst/miri/jwst_miri_mask_0036.fits'.
2023-11-16 14:39:43,368 - stpipe.Detector1Pipeline - INFO - Prefetch for PERSAT reference file is 'N/A'.
2023-11-16 14:39:43,368 - stpipe.Detector1Pipeline - INFO - Prefetch for READNOISE reference file is '/Volumes/agdisk/crds/references/jwst/miri/jwst_miri_readnoise_0085.fits'.
2023-11-16 14:39:43,368 - stpipe.Detector1Pipeline - INFO - Prefetch for REFPIX reference file is 'N/A'.
2023-11-16 14:39:43,368 - stpipe.Detector1Pipeline - INFO - Prefetch for RESET reference file is '/Volumes/agdisk/crds/references/jwst/miri/jwst_miri_reset_0065.fits'.
2023-11-16 14:39:43,368 - stpipe.Detector1Pipeline - INFO - Prefetch for RSCD reference file is '/Volumes/agdisk/crds/references/jwst/miri/jwst_miri_rscd_0017.fits'.
2023-11-16 14:39:43,368 - stpipe.Detector1Pipeline - INFO - Prefetch for SATURATION reference file is '/Volumes/agdisk/crds/references/jwst/miri/jwst_miri_saturation_0034.fits'.
2023-11-16 14:39:43,368 - stpipe.Detector1Pipeline - INFO - Prefetch for SUPERBIAS reference file is 'N/A'.
2023-11-16 14:39:43,368 - stpipe.Detector1Pipeline - INFO - Prefetch for TRAPDENSITY reference file is 'N/A'.
2023-11-16 14:39:43,368 - stpipe.Detector1Pipeline - INFO - Prefetch for TRAPPARS reference file is 'N/A'.
2023-11-16 14:39:43,369 - stpipe.Detector1Pipeline - INFO - Starting calwebb_detector1 ...
2023-11-16 14:39:44,118 - stpipe.Detector1Pipeline.group_scale - INFO - Step group_scale running with args (<RampModel(19, 100, 224, 288) from jw01386031001_03101_00001_mirimage_uncal.fits>,).
2023-11-16 14:39:44,119 - stpipe.Detector1Pipeline.group_scale - INFO - Step group_scale parameters are: {'pre_hooks': [], 'post_hooks': [], 'output_file': None, 'output_dir': None, 'output_ext': '.fits', 'output_use_model': False, 'output_use_index': True, 'save_results': False, 'skip': False, 'suffix': None, 'search_output_file': True, 'input_dir': 'uncal'}
2023-11-16 14:39:44,434 - stpipe.Detector1Pipeline.group_scale - INFO - NFRAMES and FRMDIVSR are equal; correction not needed
2023-11-16 14:39:44,434 - stpipe.Detector1Pipeline.group_scale - INFO - Step will be skipped
2023-11-16 14:39:44,436 - stpipe.Detector1Pipeline.group_scale - INFO - Step group_scale done
2023-11-16 14:39:44,494 - stpipe.Detector1Pipeline.dq_init - INFO - Step dq_init running with args (<RampModel(19, 100, 224, 288) from jw01386031001_03101_00001_mirimage_uncal.fits>,).
2023-11-16 14:39:44,494 - stpipe.Detector1Pipeline.dq_init - INFO - Step dq_init parameters are: {'pre_hooks': [], 'post_hooks': [], 'output_file': None, 'output_dir': None, 'output_ext': '.fits', 'output_use_model': False, 'output_use_index': True, 'save_results': False, 'skip': False, 'suffix': None, 'search_output_file': True, 'input_dir': 'uncal'}
2023-11-16 14:39:44,513 - stpipe.Detector1Pipeline.dq_init - INFO - Using MASK reference file /Volumes/agdisk/crds/references/jwst/miri/jwst_miri_mask_0036.fits
2023-11-16 14:39:44,563 - stpipe.Detector1Pipeline.dq_init - WARNING - Keyword RESERVED_4 does not correspond to an existing DQ mnemonic, so will be ignored
2023-11-16 14:39:44,617 - stpipe.Detector1Pipeline.dq_init - WARNING - Keyword UNRELIABLE_RESET does not correspond to an existing DQ mnemonic, so will be ignored
2023-11-16 14:39:44,745 - stpipe.Detector1Pipeline.dq_init - INFO - Extracting mask subarray to match science data
2023-11-16 14:39:44,948 - stpipe.Detector1Pipeline.dq_init - INFO - Step dq_init done
2023-11-16 14:39:45,004 - stpipe.Detector1Pipeline.saturation - INFO - Step saturation running with args (<RampModel(19, 100, 224, 288) from jw01386031001_03101_00001_mirimage_uncal.fits>,).
2023-11-16 14:39:45,005 - stpipe.Detector1Pipeline.saturation - INFO - Step saturation parameters are: {'pre_hooks': [], 'post_hooks': [], 'output_file': None, 'output_dir': None, 'output_ext': '.fits', 'output_use_model': False, 'output_use_index': True, 'save_results': False, 'skip': False, 'suffix': None, 'search_output_file': True, 'input_dir': 'uncal', 'n_pix_grow_sat': 1}
2023-11-16 14:39:45,023 - stpipe.Detector1Pipeline.saturation - INFO - Using SATURATION reference file /Volumes/agdisk/crds/references/jwst/miri/jwst_miri_saturation_0034.fits
2023-11-16 14:39:45,068 - stpipe.Detector1Pipeline.saturation - WARNING - Keyword RESERVED_4 does not correspond to an existing DQ mnemonic, so will be ignored
2023-11-16 14:39:45,122 - stpipe.Detector1Pipeline.saturation - WARNING - Keyword UNRELIABLE_RESET does not correspond to an existing DQ mnemonic, so will be ignored
2023-11-16 14:39:45,215 - stpipe.Detector1Pipeline.saturation - INFO - Extracting reference file subarray to match science data
2023-11-16 14:39:49,070 - stpipe.Detector1Pipeline.saturation - INFO - Detected 669 saturated pixels
2023-11-16 14:39:49,081 - stpipe.Detector1Pipeline.saturation - INFO - Detected 2 A/D floor pixels
2023-11-16 14:39:49,086 - stpipe.Detector1Pipeline.saturation - INFO - Step saturation done
2023-11-16 14:39:49,141 - stpipe.Detector1Pipeline.ipc - INFO - Step ipc running with args (<RampModel(19, 100, 224, 288) from jw01386031001_03101_00001_mirimage_uncal.fits>,).
2023-11-16 14:39:49,142 - stpipe.Detector1Pipeline.ipc - INFO - Step ipc parameters are: {'pre_hooks': [], 'post_hooks': [], 'output_file': None, 'output_dir': None, 'output_ext': '.fits', 'output_use_model': False, 'output_use_index': True, 'save_results': False, 'skip': True, 'suffix': None, 'search_output_file': True, 'input_dir': 'uncal'}
2023-11-16 14:39:49,142 - stpipe.Detector1Pipeline.ipc - INFO - Step skipped.
2023-11-16 14:39:49,144 - stpipe.Detector1Pipeline.ipc - INFO - Step ipc done
2023-11-16 14:39:49,195 - stpipe.Detector1Pipeline.firstframe - INFO - Step firstframe running with args (<RampModel(19, 100, 224, 288) from jw01386031001_03101_00001_mirimage_uncal.fits>,).
2023-11-16 14:39:49,196 - stpipe.Detector1Pipeline.firstframe - INFO - Step firstframe parameters are: {'pre_hooks': [], 'post_hooks': [], 'output_file': None, 'output_dir': None, 'output_ext': '.fits', 'output_use_model': False, 'output_use_index': True, 'save_results': False, 'skip': False, 'suffix': None, 'search_output_file': True, 'input_dir': 'uncal'}
2023-11-16 14:39:49,276 - stpipe.Detector1Pipeline.firstframe - INFO - Step firstframe done
2023-11-16 14:39:49,331 - stpipe.Detector1Pipeline.lastframe - INFO - Step lastframe running with args (<RampModel(19, 100, 224, 288) from jw01386031001_03101_00001_mirimage_uncal.fits>,).
2023-11-16 14:39:49,332 - stpipe.Detector1Pipeline.lastframe - INFO - Step lastframe parameters are: {'pre_hooks': [], 'post_hooks': [], 'output_file': None, 'output_dir': None, 'output_ext': '.fits', 'output_use_model': False, 'output_use_index': True, 'save_results': False, 'skip': False, 'suffix': None, 'search_output_file': True, 'input_dir': 'uncal'}
2023-11-16 14:39:49,412 - stpipe.Detector1Pipeline.lastframe - INFO - Step lastframe done
2023-11-16 14:39:49,468 - stpipe.Detector1Pipeline.reset - INFO - Step reset running with args (<RampModel(19, 100, 224, 288) from jw01386031001_03101_00001_mirimage_uncal.fits>,).
2023-11-16 14:39:49,469 - stpipe.Detector1Pipeline.reset - INFO - Step reset parameters are: {'pre_hooks': [], 'post_hooks': [], 'output_file': None, 'output_dir': None, 'output_ext': '.fits', 'output_use_model': False, 'output_use_index': True, 'save_results': False, 'skip': False, 'suffix': None, 'search_output_file': True, 'input_dir': 'uncal'}
2023-11-16 14:39:49,487 - stpipe.Detector1Pipeline.reset - INFO - Using RESET reference file /Volumes/agdisk/crds/references/jwst/miri/jwst_miri_reset_0065.fits
2023-11-16 14:39:49,518 - stpipe.Detector1Pipeline.reset - WARNING - Keyword RESERVED_4 does not correspond to an existing DQ mnemonic, so will be ignored
2023-11-16 14:39:49,522 - stpipe.Detector1Pipeline.reset - WARNING - Keyword UNRELIABLE_RESET does not correspond to an existing DQ mnemonic, so will be ignored
2023-11-16 14:39:49,622 - stpipe.Detector1Pipeline.reset - INFO - Step reset done
2023-11-16 14:39:49,682 - stpipe.Detector1Pipeline.linearity - INFO - Step linearity running with args (<RampModel(19, 100, 224, 288) from jw01386031001_03101_00001_mirimage_uncal.fits>,).
2023-11-16 14:39:49,682 - stpipe.Detector1Pipeline.linearity - INFO - Step linearity parameters are: {'pre_hooks': [], 'post_hooks': [], 'output_file': None, 'output_dir': None, 'output_ext': '.fits', 'output_use_model': False, 'output_use_index': True, 'save_results': False, 'skip': False, 'suffix': None, 'search_output_file': True, 'input_dir': 'uncal'}
2023-11-16 14:39:49,701 - stpipe.Detector1Pipeline.linearity - INFO - Using Linearity reference file /Volumes/agdisk/crds/references/jwst/miri/jwst_miri_linearity_0032.fits
2023-11-16 14:39:49,757 - stpipe.Detector1Pipeline.linearity - WARNING - Keyword RESERVED_4 does not correspond to an existing DQ mnemonic, so will be ignored
2023-11-16 14:39:49,815 - stpipe.Detector1Pipeline.linearity - WARNING - Keyword UNRELIABLE_RESET does not correspond to an existing DQ mnemonic, so will be ignored
2023-11-16 14:39:50,211 - stpipe.Detector1Pipeline.linearity - INFO - Step linearity done
2023-11-16 14:39:50,269 - stpipe.Detector1Pipeline.rscd - INFO - Step rscd running with args (<RampModel(19, 100, 224, 288) from jw01386031001_03101_00001_mirimage_uncal.fits>,).
2023-11-16 14:39:50,270 - stpipe.Detector1Pipeline.rscd - INFO - Step rscd parameters are: {'pre_hooks': [], 'post_hooks': [], 'output_file': None, 'output_dir': None, 'output_ext': '.fits', 'output_use_model': False, 'output_use_index': True, 'save_results': False, 'skip': False, 'suffix': None, 'search_output_file': True, 'input_dir': 'uncal', 'type': 'baseline'}
2023-11-16 14:39:50,288 - stpipe.Detector1Pipeline.rscd - INFO - Using RSCD reference file /Volumes/agdisk/crds/references/jwst/miri/jwst_miri_rscd_0017.fits
2023-11-16 14:39:50,400 - stpipe.Detector1Pipeline.rscd - INFO - Step rscd done
2023-11-16 14:39:50,455 - stpipe.Detector1Pipeline.dark_current - INFO - Step dark_current running with args (<RampModel(19, 100, 224, 288) from jw01386031001_03101_00001_mirimage_uncal.fits>,).
2023-11-16 14:39:50,456 - stpipe.Detector1Pipeline.dark_current - INFO - Step dark_current parameters are: {'pre_hooks': [], 'post_hooks': [], 'output_file': None, 'output_dir': 'stage1/output', 'output_ext': '.fits', 'output_use_model': False, 'output_use_index': True, 'save_results': False, 'skip': False, 'suffix': None, 'search_output_file': True, 'input_dir': 'uncal', 'dark_output': None}
2023-11-16 14:39:50,474 - stpipe.Detector1Pipeline.dark_current - INFO - Using DARK reference file /Volumes/agdisk/crds/references/jwst/miri/jwst_miri_dark_0098.fits
2023-11-16 14:39:50,581 - stpipe.Detector1Pipeline.dark_current - WARNING - Keyword UNRELIABLE_RESET does not correspond to an existing DQ mnemonic, so will be ignored
2023-11-16 14:39:50,585 - stpipe.Detector1Pipeline.dark_current - INFO - Science data nints=19, ngroups=100, nframes=1, groupgap=0
2023-11-16 14:39:50,585 - stpipe.Detector1Pipeline.dark_current - INFO - Dark data nints=3, ngroups=500, nframes=1, groupgap=0
2023-11-16 14:39:51,013 - stpipe.Detector1Pipeline.dark_current - INFO - Step dark_current done
2023-11-16 14:39:51,069 - stpipe.Detector1Pipeline.refpix - INFO - Step refpix running with args (<RampModel(19, 100, 224, 288) from jw01386031001_03101_00001_mirimage_uncal.fits>,).
2023-11-16 14:39:51,070 - stpipe.Detector1Pipeline.refpix - INFO - Step refpix parameters are: {'pre_hooks': [], 'post_hooks': [], 'output_file': None, 'output_dir': None, 'output_ext': '.fits', 'output_use_model': False, 'output_use_index': True, 'save_results': False, 'skip': False, 'suffix': None, 'search_output_file': True, 'input_dir': 'uncal', 'odd_even_columns': True, 'use_side_ref_pixels': True, 'side_smoothing_length': 11, 'side_gain': 1.0, 'odd_even_rows': True, 'ovr_corr_mitigation_ftr': 1.8}
2023-11-16 14:39:51,148 - stpipe.Detector1Pipeline.refpix - WARNING - Refpix correction skipped for MIRI subarrays
2023-11-16 14:39:51,150 - stpipe.Detector1Pipeline.refpix - INFO - Step refpix done
2023-11-16 14:39:51,205 - stpipe.Detector1Pipeline.jump - INFO - Step jump running with args (<RampModel(19, 100, 224, 288) from jw01386031001_03101_00001_mirimage_uncal.fits>,).
2023-11-16 14:39:51,206 - stpipe.Detector1Pipeline.jump - INFO - Step jump parameters are: {'pre_hooks': [], 'post_hooks': [], 'output_file': None, 'output_dir': None, 'output_ext': '.fits', 'output_use_model': False, 'output_use_index': True, 'save_results': False, 'skip': False, 'suffix': None, 'search_output_file': True, 'input_dir': 'uncal', 'rejection_threshold': 4.0, 'three_group_rejection_threshold': 6.0, 'four_group_rejection_threshold': 5.0, 'maximum_cores': 'half', 'flag_4_neighbors': True, 'max_jump_to_flag_neighbors': 1000.0, 'min_jump_to_flag_neighbors': 10.0, 'after_jump_flag_dn1': 100, 'after_jump_flag_time1': 15, 'after_jump_flag_dn2': 2000, 'after_jump_flag_time2': 3000, 'min_sat_area': 0, 'min_jump_area': 15, 'expand_factor': 2.5, 'use_ellipses': True, 'sat_required_snowball': False, 'min_sat_radius_extend': 2.5, 'sat_expand': 2, 'expand_large_events': False, 'find_showers': False, 'edge_size': 25, 'extend_snr_threshold': 1.2, 'extend_min_area': 90, 'extend_inner_radius': 1.0, 'extend_outer_radius': 2.6, 'extend_ellipse_expand_ratio': 1.1, 'time_masked_after_shower': 15.0, 'max_extended_radius': 200, 'minimum_groups': 3, 'minimum_sigclip_groups': 100, 'only_use_ints': True}
2023-11-16 14:39:51,215 - stpipe.Detector1Pipeline.jump - INFO - CR rejection threshold = 4 sigma
2023-11-16 14:39:51,215 - stpipe.Detector1Pipeline.jump - INFO - Maximum cores to use = half
2023-11-16 14:39:51,225 - stpipe.Detector1Pipeline.jump - INFO - Using GAIN reference file: /Volumes/agdisk/crds/references/jwst/miri/jwst_miri_gain_0018.fits
2023-11-16 14:39:51,254 - stpipe.Detector1Pipeline.jump - INFO - Using READNOISE reference file: /Volumes/agdisk/crds/references/jwst/miri/jwst_miri_readnoise_0085.fits
2023-11-16 14:39:51,341 - stpipe.Detector1Pipeline.jump - INFO - Extracting gain subarray to match science data
2023-11-16 14:39:51,341 - stpipe.Detector1Pipeline.jump - INFO - Extracting readnoise subarray to match science data
2023-11-16 14:39:51,398 - stpipe.Detector1Pipeline.jump - INFO - Executing two-point difference method
2023-11-16 14:39:51,420 - stpipe.Detector1Pipeline.jump - INFO - Creating 5 processes for jump detection 
2023-11-16 14:40:21,245 - stpipe.Detector1Pipeline.jump - INFO - Total elapsed time = 29.8464 sec
2023-11-16 14:40:21,636 - stpipe.Detector1Pipeline.jump - INFO - The execution time in seconds: 30.421224
2023-11-16 14:40:21,642 - stpipe.Detector1Pipeline.jump - INFO - Step jump done
2023-11-16 14:40:21,715 - stpipe.Detector1Pipeline.undersampling_correction - INFO - Step undersampling_correction running with args (<RampModel(19, 100, 224, 288) from jw01386031001_03101_00001_mirimage_uncal.fits>,).
2023-11-16 14:40:21,715 - stpipe.Detector1Pipeline.undersampling_correction - INFO - Step undersampling_correction parameters are: {'pre_hooks': [], 'post_hooks': [], 'output_file': None, 'output_dir': None, 'output_ext': '.fits', 'output_use_model': False, 'output_use_index': True, 'save_results': False, 'skip': True, 'suffix': None, 'search_output_file': True, 'input_dir': 'uncal', 'signal_threshold': 30000.0}
2023-11-16 14:40:21,715 - stpipe.Detector1Pipeline.undersampling_correction - INFO - Step skipped.
2023-11-16 14:40:21,717 - stpipe.Detector1Pipeline.undersampling_correction - INFO - Step undersampling_correction done
2023-11-16 14:40:21,770 - stpipe.Detector1Pipeline.ramp_fit - INFO - Step ramp_fit running with args (<RampModel(19, 100, 224, 288) from jw01386031001_03101_00001_mirimage_uncal.fits>,).
2023-11-16 14:40:21,771 - stpipe.Detector1Pipeline.ramp_fit - INFO - Step ramp_fit parameters are: {'pre_hooks': [], 'post_hooks': [], 'output_file': None, 'output_dir': 'stage1/output', 'output_ext': '.fits', 'output_use_model': False, 'output_use_index': True, 'save_results': False, 'skip': False, 'suffix': None, 'search_output_file': True, 'input_dir': 'uncal', 'int_name': '', 'save_opt': False, 'opt_name': '', 'suppress_one_group': True, 'maximum_cores': 'half'}
2023-11-16 14:40:21,800 - stpipe.Detector1Pipeline.ramp_fit - INFO - Using READNOISE reference file: /Volumes/agdisk/crds/references/jwst/miri/jwst_miri_readnoise_0085.fits
2023-11-16 14:40:21,800 - stpipe.Detector1Pipeline.ramp_fit - INFO - Using GAIN reference file: /Volumes/agdisk/crds/references/jwst/miri/jwst_miri_gain_0018.fits
2023-11-16 14:40:21,836 - stpipe.Detector1Pipeline.ramp_fit - INFO - Extracting gain subarray to match science data
2023-11-16 14:40:21,837 - stpipe.Detector1Pipeline.ramp_fit - INFO - Extracting readnoise subarray to match science data
2023-11-16 14:40:21,837 - stpipe.Detector1Pipeline.ramp_fit - INFO - Using algorithm = ols
2023-11-16 14:40:21,837 - stpipe.Detector1Pipeline.ramp_fit - INFO - Using weighting = optimal
2023-11-16 14:40:22,396 - stpipe.Detector1Pipeline.ramp_fit - INFO - Number of leading groups that are flagged as DO_NOT_USE: 1
2023-11-16 14:40:22,396 - stpipe.Detector1Pipeline.ramp_fit - INFO - MIRI dataset has all pixels in the final group flagged as DO_NOT_USE.
2023-11-16 14:40:22,396 - stpipe.Detector1Pipeline.ramp_fit - INFO - Number of processors used for multiprocessing: 5
2023-11-16 14:41:52,156 - stpipe.Detector1Pipeline.ramp_fit - INFO - Step ramp_fit done
2023-11-16 14:41:52,227 - stpipe.Detector1Pipeline.gain_scale - INFO - Step gain_scale running with args (<ImageModel(224, 288) from jw01386031001_03101_00001_mirimage_uncal.fits>,).
2023-11-16 14:41:52,228 - stpipe.Detector1Pipeline.gain_scale - INFO - Step gain_scale parameters are: {'pre_hooks': [], 'post_hooks': [], 'output_file': None, 'output_dir': None, 'output_ext': '.fits', 'output_use_model': False, 'output_use_index': True, 'save_results': False, 'skip': False, 'suffix': 'gain_scale', 'search_output_file': True, 'input_dir': 'uncal'}
2023-11-16 14:41:52,263 - stpipe.Detector1Pipeline.gain_scale - INFO - GAINFACT not found in gain reference file
2023-11-16 14:41:52,263 - stpipe.Detector1Pipeline.gain_scale - INFO - Step will be skipped
2023-11-16 14:41:52,266 - stpipe.Detector1Pipeline.gain_scale - INFO - Step gain_scale done
2023-11-16 14:41:52,320 - stpipe.Detector1Pipeline.gain_scale - INFO - Step gain_scale running with args (<CubeModel(19, 224, 288) from jw01386031001_03101_00001_mirimage_uncal.fits>,).
2023-11-16 14:41:52,321 - stpipe.Detector1Pipeline.gain_scale - INFO - Step gain_scale parameters are: {'pre_hooks': [], 'post_hooks': [], 'output_file': None, 'output_dir': None, 'output_ext': '.fits', 'output_use_model': False, 'output_use_index': True, 'save_results': False, 'skip': False, 'suffix': 'gain_scaleints', 'search_output_file': True, 'input_dir': 'uncal'}
2023-11-16 14:41:52,355 - stpipe.Detector1Pipeline.gain_scale - INFO - GAINFACT not found in gain reference file
2023-11-16 14:41:52,355 - stpipe.Detector1Pipeline.gain_scale - INFO - Step will be skipped
2023-11-16 14:41:52,358 - stpipe.Detector1Pipeline.gain_scale - INFO - Step gain_scale done
2023-11-16 14:41:52,429 - stpipe.Detector1Pipeline - INFO - Saved model in stage1/output/jw01386031001_03101_00001_mirimage_rateints.fits
2023-11-16 14:41:52,429 - stpipe.Detector1Pipeline - INFO - ... ending calwebb_detector1
2023-11-16 14:41:52,430 - stpipe.Detector1Pipeline - INFO - Results used CRDS context: jwst_1148.pmap
2023-11-16 14:41:52,485 - stpipe.Detector1Pipeline - INFO - Saved model in stage1/output/jw01386031001_03101_00001_mirimage_rate.fits
2023-11-16 14:41:52,485 - stpipe.Detector1Pipeline - INFO - Step Detector1Pipeline done
